2026-03-30 19:16:00  Loaded 594 attested binomials from /opt/modeling/zhoughton/misc/hand-trained-model-prefs/Data/nonce_and_attested_binoms.csv
2026-03-30 19:16:00  No checkpoint found — starting fresh
2026-03-30 19:16:00  Loading EleutherAI/pile ('all') in streaming mode ...
2026-03-30 19:16:00  `trust_remote_code` is not supported anymore.
Please check that the Hugging Face dataset 'EleutherAI/pile' isn't based on a loading script and remove `trust_remote_code`.
If the dataset is based on a loading script, please ask the dataset author to remove it and convert it to a standard format like Parquet.
2026-03-30 19:17:41  Loaded 594 attested binomials from /opt/modeling/zhoughton/misc/hand-trained-model-prefs/Data/nonce_and_attested_binoms.csv
2026-03-30 19:17:41  No checkpoint found — starting fresh
2026-03-30 19:17:41  Loading 'monology/pile-uncopyrighted' ('train') in streaming mode ...
2026-03-30 19:18:53  Loaded 594 attested binomials from /opt/modeling/zhoughton/misc/hand-trained-model-prefs/Data/nonce_and_attested_binoms.csv
2026-03-30 19:18:53  No checkpoint found — starting fresh
2026-03-30 19:18:53  Loading 'monology/pile-uncopyrighted' ('train') in streaming mode ...
2026-03-30 19:20:12  Loaded 594 attested binomials from /opt/modeling/zhoughton/misc/hand-trained-model-prefs/Data/nonce_and_attested_binoms.csv
2026-03-30 19:20:12  No checkpoint found — starting fresh
2026-03-30 19:20:12  Loading 'monology/pile-uncopyrighted' ('train') in streaming mode ...
2026-03-30 19:20:17  Counting binomial trigram occurrences ...
2026-03-30 19:20:55    10,000 documents processed ...
2026-03-30 19:21:31    20,000 documents processed ...
2026-03-30 19:22:09    30,000 documents processed ...
2026-03-30 19:22:34  Interrupted — saving checkpoint before exit ...
2026-03-30 19:22:34  Checkpoint saved. Re-run the script to resume from 37,016 documents.
2026-03-30 19:23:41  Loading binomials from /opt/modeling/zhoughton/misc/hand-trained-model-prefs/Data/nonce_and_attested_binoms.csv
2026-03-30 19:23:41    594 attested binomials (1188 patterns in automaton)
2026-03-30 19:23:41  Processing 32 shards (0 already done) with 32 workers ...
2026-03-30 19:27:21  Loading binomials from /opt/modeling/zhoughton/misc/hand-trained-model-prefs/Data/nonce_and_attested_binoms.csv
2026-03-30 19:27:21    594 attested binomials (1188 patterns in automaton)
2026-03-30 19:27:21  Listing parquet files in monology/pile-uncopyrighted ...
2026-03-30 19:27:21    0 parquet files found
2026-03-30 19:27:21    Only 0 files — reducing workers to 0
2026-03-30 19:27:21  All shards already complete — proceeding to merge.
2026-03-30 19:27:21  Merging shard results ...
2026-03-30 19:27:21    Total documents processed across all shards: 0
2026-03-30 19:27:21  Saved 594 rows → /opt/modeling/zhoughton/misc/hand-trained-model-prefs/analysis-scripts/oh-schuler-replication/pile_corpus_freq.csv
2026-03-30 19:27:21    0/594 binomials observed at least once
2026-03-30 19:27:21    0/594 binomials observed in both orderings (freq_prob_c defined)
2026-03-30 19:27:21    594 binomials with zero count in one or both orderings (freq_prob_c = NA): men and women, black and white, day and night, boys and girls, left and right, female and male, father and mother, goods and services, north and south, development and research, place and time, death and life, brothers and sisters, husband and wife, gas and oil, pepper and salt, fall and rise, arms and legs, fruits and vegetables, arts and sciences, gentlemen and ladies, feelings and thoughts, diagnosis and treatment, groups and individuals, knowledge and skills, heart and mind, influence and power, Africa and Asia, addresses and names, poetry and prose, forefinger and thumb, minerals and vitamins, fall and winter, light and shadow, honey and milk, nose and throat, anger and fear, head and tail, novels and stories, sunrise and sunset, sympathy and understanding, shoes and socks, equipment and personnel, eyes and face, ink and paper, muscles and nerves, charts and maps, elbows and knees, Christmas and Easter, nature and size, gums and teeth, chairs and sofas, characters and situations, joy and pleasure, Thursday and Tuesday, barley and oats, beauty and dignity, boats and ships, misery and pain, bones and skulls, dairy and poultry, being and existence, radar and radio, humility and pride, pitch and volume, skirt and sweater, linen and silk, checks and money, calluses and corns, action and motion, brain and intelligence, conduct and manners, completeness and unity, hostility and indifference, depth and force, hours and miles, movements and speech, schools and synagogues, arrangers and composers, happiness and laughter, diagrams and sketches, pail and shovel, candies and cookies, county and village, charm and variety, bouquets and wreaths, beech and elm, complexity and obscurity, devotion and effort, alibis and excuses, body and mind, man and woman, law and order, cause and effect, radio and television, b and c, feet and hands, money and time, blood and flesh, god and man, file and rank, brother and sister, father and son, men and officers, south and west, error and trial, arts and crafts, pressure and temperature, days and nights, land and sea, north and west, spring and summer, magazines and newspapers, hands and knees, moon and sun, fathers and mothers, city and county, ears and eyes, college and school, college and university, dark and light, future and past, evening and morning, ice and snow, husbands and wives, boys and men, bread and butter, head and shoulders, rock and roll, testament and will, engineers and scientists, man and wife, arms and hands, math and science, son and wife, fingers and thumb, flesh and skin, life and religion, colonel and mrs., conscience and religion, contemporary and friend, pain and pressure, integrity and unity, flowers and hearts, grapefruit and oranges, Kingston and Montreal, folklore and legend, doctors and fathers, contraction and dilation, ships and weapons, funnels and masts, law and sovereignty, assurance and dignity, mr. and mrs., bride and groom, feet and legs, peace and quiet, daughter and son, ends and odds, city and state, facts and figures, man and nature, prose and verse, body and head, command and control, child and wife, aunt and uncle, cattle and horses, politics and religion, July and June, sailors and soldiers, English and German, food and shelter, sights and sounds, comings and goings, heir and son, coat and hat, crime and punishment, earth and sky, faith and love, mother and son, cents and dollars, turns and twists, fire and police, months and years, editor and publisher, aunts and uncles, research and training, eyes and hair, methods and principles, city and country, bread and cheese, location and size, childhood and infancy, morning and night, council and governor, age and day, body and face, hair and skin, nitrogen and oxygen, piano and violin, ceiling and walls, color and texture, environment and heredity, everybody and everything, bacon and eggs, paper and pen, concrete and steel, color and light, friends and relations, boots and shoes, hearing and sight, expense and time, flowers and plants, beauty and truth, bone and flesh, doubts and fears, fits and starts, light and sound, beauty and youth, fiction and poetry, needle and thread, back and shoulders, crime and violence, force and violence, eggs and ham, bone and muscle, debate and discussion, errors and omissions, brother and mother, face and figure, chairs and table, ammunition and guns, Concord and Lexington, ice and water, fun and games, breakfast and dinner, comfort and ease, father and uncle, health and spirits, names and numbers, rights and wrongs, crannies and nooks, power and resources, flame and smoke, faith and life, wisdom and wit, novelist and poet, Arizona and California, crops and livestock, glass and steel, bar and grill, influence and prestige, cotton and tobacco, church and community, courage and hope, teaching and writing, example and precept, gin and tonic, brush and trees, pad and pencil, chair and table, houses and shops, libraries and museums, flames and smoke, guidance and information, stress and tension, days and years, actions and feelings, energy and money, anguish and pain, colors and forms, meaning and origin, freedom and security, gratitude and joy, mamma and papa, length and weight, anger and hatred, aircraft and ships, sidewalks and streets, democracy and liberty, iron and wood, horses and wagons, clarity and precision, flowers and herbs, confusion and fear, jaws and teeth, counties and towns, bodies and faces, ability and desire, chest and stomach, Illinois and Missouri, jams and jellies, Tories and Whigs, dogs and men, discussion and thought, distress and pain, mouth and nostrils, cakes and pies, adventure and romance, agreements and contracts, crime and poverty, cousins and uncles, fire and light, child and husband, vinegar and water, fork and spoon, Burma and India, fruit and nuts, ability and strength, agencies and individuals, c. and d., coffee and sandwiches, coffee and toast, artillery and mortar, anger and anxiety, apprehension and fear, figures and words, blood and guts, action and character, diamonds and rubies, plans and projects, jacket and trousers, kind and quantity, family and neighborhood, nights and weekends, labor and money, shower and tub, aggression and hostility, information and material, despair and rage, improvements and land, landings and takeoffs, novels and tales, corruption and crime, anthropology and psychology, lecturer and writer, curettage and dilatation, fog and mist, field and stream, dates and events, belly and chest, power and scope, counterpoint and harmony, pain and shame, doorways and windows, history and identity, anger and indignation, cream and peaches, classmates and friends, movements and positions, barrels and boxes, costumes and masks, attractions and repulsions, effort and resources, ability and age, babylon and nineveh, love and veneration, editing and publishing, cysts and tumors, dirt and sweat, dreams and plans, farms and fields, cause and consequence, fungicides and insecticides, choice and decision, confusion and turmoil, magic and superstition, machinery and power, education and skill, forms and materials, length and quality, inclination and time, help and understanding, closets and drawers, friends and partners, receivers and senders, authority and force, fear and want, trees and underbrush, bacon and coffee, december and may, grains and seeds, beauty and color, legs and torso, transportation and utilities, hardships and trials, science and tactics, neighborhood and school, irony and satire, kitchen and pantry, astronomy and geology, development and practice, aloes and myrrh, feet and heads, snow and water, back and hips, bombers and missiles, argument and debate, doubts and suspicions, laborers and servants, arms and faces, chrome and glass, paris and washington, arm and back, emotion and meaning, bushes and vines, aims and ends, authority and independence, crises and problems, bathrobe and slippers, generalists and specialists, boredom and loneliness, excitement and fatigue, fun and pleasure, individualism and socialism, fields and homes, brow and cheeks, certainty and security, artist and critic, 20s and 30s, brick and glass, gas and light, dentist and doctor, bourbon and water, habitat and habits, cuts and wounds, palm and pine, fish and vegetable, initials and names, fury and pain, gentleness and sweetness, statesmen and warriors, experiences and reactions, bitterness and disappointment, action and mind, comedy and satire, enthusiasm and warmth, body and breath, beauty and brains, hotels and pensions, comb and wattles, imagination and originality, ears and hair, brush and logs, importance and validity, money and papers, pies and puddings, eloquence and force, soil and topography, blossom and leaf, desolation and misery, organizations and states, boots and jacket, confusions and contradictions, flames and sparks, danger and threat, determination and faith, berlin and frankfurt, clothes and dishes, comfort and companionship, background and interest, glass and rubber, color and scent, interest and payments, gambling and vice, activities and places, elegance and purity, leaves and limbs, power and trade, games and races, evenings and sundays, activity and nature, sun and weather, leather and paper, rudder and stick, contraction and dilatation, anguish and rage, shooting and yelling, arches and piers, investment and risk, control and growth, happiness and pain, Egypt and Europe, order and truth, factories and industries, name and year, river and sky, detection and removal, breakfast and luncheon, attitude and experience, pilot and plane, malaria and typhoid, technology and time, economist and historian, muskets and swords, character and wisdom, azaleas and camellias, silence and space, fingers and mouth, power and variety, cliches and stereotypes, habits and movements, shirt and waistcoat, boardinghouses and hotels, stucco and wood, activities and character, happiness and warmth, fulfillment and pleasure, means and motives, fear and relief, despair and futility, ash and maple, beauty and inspiration, clippings and pictures, liquids and powders, domination and influence, action and conversation, pattern and sequence, detective and police, church and graveyard, habits and thought, gardens and lawn, powers and processes, machinery and tractors, ammo and weapons, clay and wax, associations and enterprises, grace and modesty, brains and talent, comedy and humor, certainty and order, discretion and moderation, attention and civility, captain and leader, control and intelligence, grease and sweat, comprehension and control, hallucinations and visions, commands and statements, shots and shouts, cost and upkeep, men and objects, fragrance and taste, betrayal and murder, bacteria and insects, confusion and congestion, facts and techniques, anger and spite, money and numbers, boulders and ledges, abolition and emancipation, nationalism and sovereignty, tensions and uncertainties, beauty and poise, background and intelligence, battle and bloodshed, fairness and moderation, back and behind, ammunition and baggage, apprehension and terror, head and teeth, life and promise, cod and salmon, archaeologists and geologists, chopping and sawing, anxiety and dismay, resources and riches, personnel and ships, school and service, a.b. and m.a., bandits and outlaws, arsenic and strychnine, drudgery and monotony, secrecy and stealth, soldiers and subjects, chagrin and embarrassment, barges and towboats, celebration and ritual, searching and yearning, letters and magazines, flight and terror, caresses and endearments, gaiety and spirit, disdain and indifference, liberalism and progress, blame and hate, color and imagery, intonation and phrasing, abasement and humiliation, commercialism and materialism, education and industrialization, foreboding and gloom, firepower and speed
2026-03-30 19:30:05  Loading binomials from /opt/modeling/zhoughton/misc/hand-trained-model-prefs/Data/nonce_and_attested_binoms.csv
2026-03-30 19:30:05    594 attested binomials (1188 patterns in automaton)
2026-03-30 19:30:05  Listing parquet files in monology/pile-uncopyrighted via HfFileSystem ...
2026-03-30 19:30:08    0 parquet files found
2026-03-30 19:30:08  No parquet files found. Repo top-level contents: ['datasets/monology/pile-uncopyrighted/train', 'datasets/monology/pile-uncopyrighted/.gitattributes', 'datasets/monology/pile-uncopyrighted/README.md', 'datasets/monology/pile-uncopyrighted/test.jsonl.zst', 'datasets/monology/pile-uncopyrighted/val.jsonl.zst']
2026-03-30 19:31:20  Loading binomials from /opt/modeling/zhoughton/misc/hand-trained-model-prefs/Data/nonce_and_attested_binoms.csv
2026-03-30 19:31:20    594 attested binomials (1188 patterns in automaton)
2026-03-30 19:31:20  Listing parquet files in monology/pile-uncopyrighted via HfFileSystem ...
2026-03-30 19:31:20    0 parquet files found
2026-03-30 19:31:20  No parquet files found. Repo top-level contents: ['datasets/monology/pile-uncopyrighted/train', 'datasets/monology/pile-uncopyrighted/.gitattributes', 'datasets/monology/pile-uncopyrighted/README.md', 'datasets/monology/pile-uncopyrighted/test.jsonl.zst', 'datasets/monology/pile-uncopyrighted/val.jsonl.zst']
2026-03-30 19:33:15  Loading binomials from /opt/modeling/zhoughton/misc/hand-trained-model-prefs/Data/nonce_and_attested_binoms.csv
2026-03-30 19:33:15    594 attested binomials (1188 patterns in automaton)
2026-03-30 19:33:15  Listing parquet files in monology/pile-uncopyrighted via HfFileSystem ...
2026-03-30 19:33:16    0 parquet files found
2026-03-30 19:33:16  No parquet files found. Repo top-level contents: ['datasets/monology/pile-uncopyrighted/train', 'datasets/monology/pile-uncopyrighted/.gitattributes', 'datasets/monology/pile-uncopyrighted/README.md', 'datasets/monology/pile-uncopyrighted/test.jsonl.zst', 'datasets/monology/pile-uncopyrighted/val.jsonl.zst']
2026-03-30 19:33:20  Loading binomials from /opt/modeling/zhoughton/misc/hand-trained-model-prefs/Data/nonce_and_attested_binoms.csv
2026-03-30 19:33:20    594 attested binomials (1188 patterns in automaton)
2026-03-30 19:33:20  Listing parquet files in monology/pile-uncopyrighted via HfFileSystem ...
2026-03-30 19:33:20    30 .jsonl.zst files found
2026-03-30 19:33:20    First file: hf://datasets/monology/pile-uncopyrighted/train/00.jsonl.zst
2026-03-30 19:33:20    Only 30 files — reducing workers to 30
2026-03-30 19:33:20  Processing 30 shards (0 already done) with 30 workers ...
2026-03-30 19:36:28  Loading binomials from /opt/modeling/zhoughton/misc/hand-trained-model-prefs/Data/nonce_and_attested_binoms.csv
2026-03-30 19:36:28    594 attested binomials (1188 patterns in automaton)
2026-03-30 19:36:28  Downloading monology/pile-uncopyrighted to local disk (skips already-cached files) ...
2026-03-30 20:35:06    Dataset cached at: /opt/modeling/zhoughton/.cache/huggingface/hub/datasets--monology--pile-uncopyrighted/snapshots/3be90335b66f24456a5d6659d9c8d208c0357119
2026-03-30 20:35:06    30 local .jsonl.zst train files found
2026-03-30 20:35:06    First file: /opt/modeling/zhoughton/.cache/huggingface/hub/datasets--monology--pile-uncopyrighted/snapshots/3be90335b66f24456a5d6659d9c8d208c0357119/train/00.jsonl.zst
2026-03-30 20:35:06    Only 30 files — reducing workers to 30
2026-03-30 20:35:06  Processing 30 shards (0 already done) with 30 workers ...
2026-03-30 21:08:00  Loading binomials from /opt/modeling/zhoughton/misc/hand-trained-model-prefs/Data/nonce_and_attested_binoms.csv
2026-03-30 21:08:00    594 attested binomials (1188 patterns in automaton)
2026-03-30 21:08:00  Downloading monology/pile-uncopyrighted to local disk (skips already-cached files) ...
2026-03-30 21:08:00    Dataset cached at: /opt/modeling/zhoughton/.cache/huggingface/hub/datasets--monology--pile-uncopyrighted/snapshots/3be90335b66f24456a5d6659d9c8d208c0357119
2026-03-30 21:08:00    30 local .jsonl.zst train files found
2026-03-30 21:08:00    First file: /opt/modeling/zhoughton/.cache/huggingface/hub/datasets--monology--pile-uncopyrighted/snapshots/3be90335b66f24456a5d6659d9c8d208c0357119/train/00.jsonl.zst
2026-03-30 21:08:00  Processing 20 shards (0 already done) with 20 workers ...
2026-03-30 22:32:57  Merging shard results ...
2026-03-30 22:32:57    Total documents processed across all shards: 177,007,316
2026-03-30 22:32:57  Saved 594 rows → /opt/modeling/zhoughton/misc/hand-trained-model-prefs/analysis-scripts/oh-schuler-replication/pile_corpus_freq.csv
2026-03-30 22:32:57    594/594 binomials observed at least once
2026-03-30 22:32:57    594/594 binomials observed in both orderings (freq_prob_c defined)
